#
# A fatal error has been detected by the Java Runtime Environment:
#
#  EXCEPTION_ACCESS_VIOLATION (0xc0000005) at pc=0x000001eb915c112d, pid=8668, tid=2720
#
# JRE version: OpenJDK Runtime Environment Corretto-11.0.21.9.1 (11.0.21+9) (build 11.0.21+9-LTS)
# Java VM: OpenJDK 64-Bit Server VM Corretto-11.0.21.9.1 (11.0.21+9-LTS, mixed mode, tiered, compressed oops, g1 gc, windows-amd64)
# Problematic frame:
# v  ~StubRoutines::get_previous_fp
#
# No core dump will be written. Minidumps are not enabled by default on client versions of Windows
#
# If you would like to submit a bug report, please visit:
#   https://github.com/corretto/corretto-11/issues/
#

---------------  S U M M A R Y ------------

Command Line: -javaagent:C:\\Users\\Валерия\\.m2\\repository\\org\\jacoco\\org.jacoco.agent\\0.8.5\\org.jacoco.agent-0.8.5-runtime.jar=destfile=C:\\Users\\Валерия\\IdeaProjects\\java11\\target\\jacoco.exec C:\Users\9364~1\AppData\Local\Temp\surefire1185160343730896504\surefirebooter9174979958121967983.jar C:\Users\Валерия\AppData\Local\Temp\surefire1185160343730896504 2023-12-11T21-47-29_067-jvmRun1 surefire15358424736483370421tmp surefire_03517502252176018510tmp

Host: Intel(R) Core(TM) i5-4460  CPU @ 3.20GHz, 4 cores, 7G,  Windows 10 , 64 bit Build 10586 (10.0.10586.0)
Time: Mon Dec 11 21:47:29 2023 RTZ 2 (зима) elapsed time: 0.168389 seconds (0d 0h 0m 0s)

---------------  T H R E A D  ---------------

Current thread (0x000001eb876d7800):  JavaThread "main" [_thread_in_vm, id=2720, stack(0x00000074c5500000,0x00000074c5600000)]

Stack: [0x00000074c5500000,0x00000074c5600000],  sp=0x00000074c55ff5a0,  free space=1021k
Native frames: (J=compiled Java code, j=interpreted, Vv=VM code, C=native code)
C  0x000001eb915c112d


siginfo: EXCEPTION_ACCESS_VIOLATION (0xc0000005), reading address 0x00000000000003d8


Register to memory mapping:

RIP=0x000001eb915c112d is at begin+8 in a stub
StubRoutines::get_previous_fp [0x000001eb915c1125, 0x000001eb915c1132[ (13 bytes)
RAX=0x00000000000003d8 is an unknown value
RBX=0x00000074c55ff640 is pointing into the stack for thread: 0x000001eb876d7800
RCX=0x00000074c55ff640 is pointing into the stack for thread: 0x000001eb876d7800
RDX=0x0 is NULL
RSP=0x00000074c55ff5a0 is pointing into the stack for thread: 0x000001eb876d7800
RBP=0x00000074c55ff5a0 is pointing into the stack for thread: 0x000001eb876d7800
RSI=0x0 is NULL
RDI=0x000001eb876d7800 is a thread
R8 =0x00000074c55ff518 is pointing into the stack for thread: 0x000001eb876d7800
R9 =0x0000000000000001 is an unknown value
R10=0x0 is NULL
R11=0x00000074c55ff5d0 is pointing into the stack for thread: 0x000001eb876d7800
R12=0x000001eb876d8258 points into unknown readable memory: 0x1002f5265d53af16 | 16 af 53 5d 26 f5 02 10
R13=0x000001eb875db090 points into unknown readable memory: 0x000001eb875e1270 | 70 12 5e 87 eb 01 00 00
R14=0x000001eba8b41ca0 points into unknown readable memory: 0x0000000088c96db0 | b0 6d c9 88 00 00 00 00
R15=0x000001eb876d7e80 points into unknown readable memory: 0x0072006f006d0020 | 20 00 6d 00 6f 00 72 00


Registers:
RAX=0x00000000000003d8, RBX=0x00000074c55ff640, RCX=0x00000074c55ff640, RDX=0x0000000000000000
RSP=0x00000074c55ff5a0, RBP=0x00000074c55ff5a0, RSI=0x0000000000000000, RDI=0x000001eb876d7800
R8 =0x00000074c55ff518, R9 =0x0000000000000001, R10=0x0000000000000000, R11=0x00000074c55ff5d0
R12=0x000001eb876d8258, R13=0x000001eb875db090, R14=0x000001eba8b41ca0, R15=0x000001eb876d7e80
RIP=0x000001eb915c112d, EFLAGS=0x0000000000010202

Top of Stack: (sp=0x00000074c55ff5a0)
0x00000074c55ff5a0:   00000000000003d8 00007ffce61a5a86
0x00000074c55ff5b0:   00000074c55ff6a0 00000074c55ff5f0
0x00000074c55ff5c0:   00007ffd14c582d0 00007ffd1570cc01
0x00000074c55ff5d0:   000001eb876d7e70 00007ffce5c2232c
0x00000074c55ff5e0:   000001eb876d7800 000001eb875e20a0
0x00000074c55ff5f0:   00000000000007d0 0000000000007fd8
0x00000074c55ff600:   000001eb876d7800 00007ffce62f9ad1
0x00000074c55ff610:   000001eb875e20a0 000001eb876d7e70
0x00000074c55ff620:   000001eb876d7e70 000001eba7c2be78
0x00000074c55ff630:   000001eb876bd7c8 00007ffd14c5148c
0x00000074c55ff640:   0000000000000000 0000000000000024
0x00000074c55ff650:   00007ffd14c582d0 00000074c55ff6a0
0x00000074c55ff660:   00007ffd157741c0 0000000000000000
0x00000074c55ff670:   0000987fa94846ca 00007ffd14c57ae0
0x00000074c55ff680:   000001eb876d7800 00007ffce61a81d0
0x00000074c55ff690:   000001eb876d7b48 00007ffd14c582d0 

Instructions: (pc=0x000001eb915c112d)
0x000001eb915c102d:   84 83 00 00 00 83 fa 07 0f 84 80 00 00 00 89 01
0x000001eb915c103d:   48 8d a5 28 fe ff ff c5 fa 6f 75 b8 c5 fa 6f 7d
0x000001eb915c104d:   a8 c5 7a 6f 45 98 c5 7a 6f 4d 88 c5 7a 6f 95 78
0x000001eb915c105d:   ff ff ff c5 7a 6f 9d 68 ff ff ff c5 7a 6f a5 58
0x000001eb915c106d:   ff ff ff c5 7a 6f ad 48 ff ff ff c5 7a 6f b5 38
0x000001eb915c107d:   ff ff ff c5 7a 6f bd 28 ff ff ff 4c 8b 7d c8 4c
0x000001eb915c108d:   8b 75 d0 4c 8b 6d d8 4c 8b 65 e0 48 8b 5d f8 48
0x000001eb915c109d:   8b 7d e8 48 8b 75 f0 48 81 c4 d8 01 00 00 c5 f8
0x000001eb915c10ad:   77 5d c3 48 89 01 eb 88 c5 fa 11 01 eb 82 c5 fb
0x000001eb915c10bd:   11 01 e9 79 ff ff ff 49 89 47 08 49 ba 40 53 4a
0x000001eb915c10cd:   e6 fc 7f 00 00 4d 89 57 10 41 c7 47 18 da 01 00
0x000001eb915c10dd:   00 e9 2d ff ff ff 8b c1 87 02 c3 48 8b c1 48 87
0x000001eb915c10ed:   02 c3 41 8b c0 f0 0f b1 0a c3 49 0f be c0 f0 0f
0x000001eb915c10fd:   b0 0a c3 49 8b c0 f0 48 0f b1 0a c3 8b c1 f0 0f
0x000001eb915c110d:   c1 0a 03 c1 c3 48 8b c1 f0 48 0f c1 0a 48 03 c1
0x000001eb915c111d:   c3 f0 83 44 24 c0 00 c3 55 48 8b ec 48 8b 45 00
0x000001eb915c112d:   48 8b 00 5d c3 48 8b c4 48 83 c0 08 c3 c3 0f 1f
0x000001eb915c113d:   44 00 00 55 48 8b ec 49 b9 30 05 60 e6 fc 7f 00
0x000001eb915c114d:   00 f7 d1 41 83 f8 10 0f 8c 38 02 00 00 44 8b da
0x000001eb915c115d:   41 83 e3 0f 74 23 41 83 eb 10 45 03 c3 66 90 0f
0x000001eb915c116d:   be 02 33 c1 81 e0 ff 00 00 00 c1 e9 08 41 33 0c
0x000001eb915c117d:   81 48 ff c2 41 ff c3 7c e6 45 8b d8 41 c1 e8 04
0x000001eb915c118d:   0f 84 fc 01 00 00 c5 f9 6f 0a c5 f9 7e c8 33 c8
0x000001eb915c119d:   c4 e3 71 22 c9 00 48 83 c2 10 41 83 e8 04 0f 8c
0x000001eb915c11ad:   d7 00 00 00 c5 f9 6f 12 c5 f9 6f 5a 10 c5 f9 6f
0x000001eb915c11bd:   62 20 48 83 c2 30 41 83 e8 03 0f 8e 70 00 00 00
0x000001eb915c11cd:   49 ba 20 05 60 e6 fc 7f 00 00 c4 c1 7a 6f 02 0f
0x000001eb915c11dd:   1f 40 00 c4 e3 79 44 e9 11 c4 e3 79 44 c9 00 c5
0x000001eb915c11ed:   f1 ef 0a c5 f1 ef cd c4 e3 79 44 ea 11 c4 e3 79
0x000001eb915c11fd:   44 d2 00 c5 e9 ef 52 10 c5 e9 ef d5 c4 e3 79 44
0x000001eb915c120d:   eb 11 c4 e3 79 44 db 00 c5 e1 ef 5a 20 c5 e1 ef
0x000001eb915c121d:   dd c4 e3 79 44 ec 11 c4 e3 79 44 e4 00 c5 d9 ef 


Stack slot to memory mapping:
stack at sp + 0 slots: 0x00000000000003d8 is an unknown value
stack at sp + 1 slots: 0x00007ffce61a5a86 jvm.dll
stack at sp + 2 slots: 0x00000074c55ff6a0 is pointing into the stack for thread: 0x000001eb876d7800
stack at sp + 3 slots: 0x00000074c55ff5f0 is pointing into the stack for thread: 0x000001eb876d7800
stack at sp + 4 slots: 0x00007ffd14c582d0 instrument.dll
stack at sp + 5 slots: 0x00007ffd1570cc01 ucrtbase.dll
stack at sp + 6 slots: 0x000001eb876d7e70 points into unknown readable memory: 0x000001eba8b41c90 | 90 1c b4 a8 eb 01 00 00
stack at sp + 7 slots: 0x00007ffce5c2232c jvm.dll

StubRoutines::get_previous_fp [0x000001eb915c1125, 0x000001eb915c1132[ (13 bytes)
---------------  P R O C E S S  ---------------

Threads class SMR info:
_java_thread_list=0x000001eba89d2a80, length=11, elements={
0x000001eb876d7800, 0x000001eba85f0800, 0x000001eba85f9000, 0x000001eba8648800,
0x000001eba864b800, 0x000001eba864d000, 0x000001eba8650800, 0x000001eba865a000,
0x000001eba7deb800, 0x000001eba7d77800, 0x000001eba8939800
}

Java Threads: ( => current thread )
=>0x000001eb876d7800 JavaThread "main" [_thread_in_vm, id=2720, stack(0x00000074c5500000,0x00000074c5600000)]
  0x000001eba85f0800 JavaThread "Reference Handler" daemon [_thread_blocked, id=7408, stack(0x00000074c5c00000,0x00000074c5d00000)]
  0x000001eba85f9000 JavaThread "Finalizer" daemon [_thread_blocked, id=7692, stack(0x00000074c5d00000,0x00000074c5e00000)]
  0x000001eba8648800 JavaThread "Signal Dispatcher" daemon [_thread_blocked, id=3428, stack(0x00000074c5e00000,0x00000074c5f00000)]
  0x000001eba864b800 JavaThread "Attach Listener" daemon [_thread_blocked, id=7900, stack(0x00000074c5f00000,0x00000074c6000000)]
  0x000001eba864d000 JavaThread "Service Thread" daemon [_thread_blocked, id=8772, stack(0x00000074c6000000,0x00000074c6100000)]
  0x000001eba8650800 JavaThread "C2 CompilerThread0" daemon [_thread_blocked, id=5524, stack(0x00000074c6100000,0x00000074c6200000)]
  0x000001eba865a000 JavaThread "C1 CompilerThread0" daemon [_thread_blocked, id=8096, stack(0x00000074c6200000,0x00000074c6300000)]
  0x000001eba7deb800 JavaThread "Sweeper thread" daemon [_thread_blocked, id=2084, stack(0x00000074c6300000,0x00000074c6400000)]
  0x000001eba7d77800 JavaThread "Common-Cleaner" daemon [_thread_blocked, id=5260, stack(0x00000074c6400000,0x00000074c6500000)]
  0x000001eba8939800 JavaThread "C2 CompilerThread1" daemon [_thread_blocked, id=5420, stack(0x00000074c6500000,0x00000074c6600000)]

Other Threads:
  0x000001eba7db9000 VMThread "VM Thread" [stack: 0x00000074c5b00000,0x00000074c5c00000] [id=976]
  0x000001eb876f0800 GCTaskThread "GC Thread#0" [stack: 0x00000074c5600000,0x00000074c5700000] [id=3312]
  0x000001eb87720000 ConcurrentGCThread "G1 Main Marker" [stack: 0x00000074c5700000,0x00000074c5800000] [id=8332]
  0x000001eb87721800 ConcurrentGCThread "G1 Conc#0" [stack: 0x00000074c5800000,0x00000074c5900000] [id=3052]
  0x000001eb877be000 ConcurrentGCThread "G1 Refine#0" [stack: 0x00000074c5900000,0x00000074c5a00000] [id=2928]
  0x000001eba7c26800 ConcurrentGCThread "G1 Young RemSet Sampling" [stack: 0x00000074c5a00000,0x00000074c5b00000] [id=7200]

Threads with active compile tasks:

VM state:not at safepoint (normal execution)

VM Mutex/Monitor currently owned by a thread: None

Heap address: 0x0000000081000000, size: 2032 MB, Compressed Oops mode: 32-bit
Narrow klass base: 0x0000000000000000, Narrow klass shift: 3
Compressed class space size: 1073741824 Address: 0x0000000100000000

Heap:
 garbage-first heap   total 131072K, used 3072K [0x0000000081000000, 0x0000000100000000)
  region size 1024K, 4 young (4096K), 0 survivors (0K)
 Metaspace       used 6772K, capacity 6914K, committed 7168K, reserved 1056768K
  class space    used 588K, capacity 643K, committed 768K, reserved 1048576K
Heap Regions: E=young(eden), S=young(survivor), O=old, HS=humongous(starts), HC=humongous(continues), CS=collection set, F=free, A=archive, TAMS=top-at-mark-start (previous, next)
|   0|0x0000000081000000, 0x0000000081000000, 0x0000000081100000|  0%| F|  |TAMS 0x0000000081000000, 0x0000000081000000| Untracked 
|   1|0x0000000081100000, 0x0000000081100000, 0x0000000081200000|  0%| F|  |TAMS 0x0000000081100000, 0x0000000081100000| Untracked 
|   2|0x0000000081200000, 0x0000000081200000, 0x0000000081300000|  0%| F|  |TAMS 0x0000000081200000, 0x0000000081200000| Untracked 
|   3|0x0000000081300000, 0x0000000081300000, 0x0000000081400000|  0%| F|  |TAMS 0x0000000081300000, 0x0000000081300000| Untracked 
|   4|0x0000000081400000, 0x0000000081400000, 0x0000000081500000|  0%| F|  |TAMS 0x0000000081400000, 0x0000000081400000| Untracked 
|   5|0x0000000081500000, 0x0000000081500000, 0x0000000081600000|  0%| F|  |TAMS 0x0000000081500000, 0x0000000081500000| Untracked 
|   6|0x0000000081600000, 0x0000000081600000, 0x0000000081700000|  0%| F|  |TAMS 0x0000000081600000, 0x0000000081600000| Untracked 
|   7|0x0000000081700000, 0x0000000081700000, 0x0000000081800000|  0%| F|  |TAMS 0x0000000081700000, 0x0000000081700000| Untracked 
|   8|0x0000000081800000, 0x0000000081800000, 0x0000000081900000|  0%| F|  |TAMS 0x0000000081800000, 0x0000000081800000| Untracked 
|   9|0x0000000081900000, 0x0000000081900000, 0x0000000081a00000|  0%| F|  |TAMS 0x0000000081900000, 0x0000000081900000| Untracked 
|  10|0x0000000081a00000, 0x0000000081a00000, 0x0000000081b00000|  0%| F|  |TAMS 0x0000000081a00000, 0x0000000081a00000| Untracked 
|  11|0x0000000081b00000, 0x0000000081b00000, 0x0000000081c00000|  0%| F|  |TAMS 0x0000000081b00000, 0x0000000081b00000| Untracked 
|  12|0x0000000081c00000, 0x0000000081c00000, 0x0000000081d00000|  0%| F|  |TAMS 0x0000000081c00000, 0x0000000081c00000| Untracked 
|  13|0x0000000081d00000, 0x0000000081d00000, 0x0000000081e00000|  0%| F|  |TAMS 0x0000000081d00000, 0x0000000081d00000| Untracked 
|  14|0x0000000081e00000, 0x0000000081e00000, 0x0000000081f00000|  0%| F|  |TAMS 0x0000000081e00000, 0x0000000081e00000| Untracked 
|  15|0x0000000081f00000, 0x0000000081f00000, 0x0000000082000000|  0%| F|  |TAMS 0x0000000081f00000, 0x0000000081f00000| Untracked 
|  16|0x0000000082000000, 0x0000000082000000, 0x0000000082100000|  0%| F|  |TAMS 0x0000000082000000, 0x0000000082000000| Untracked 
|  17|0x0000000082100000, 0x0000000082100000, 0x0000000082200000|  0%| F|  |TAMS 0x0000000082100000, 0x0000000082100000| Untracked 
|  18|0x0000000082200000, 0x0000000082200000, 0x0000000082300000|  0%| F|  |TAMS 0x0000000082200000, 0x0000000082200000| Untracked 
|  19|0x0000000082300000, 0x0000000082300000, 0x0000000082400000|  0%| F|  |TAMS 0x0000000082300000, 0x0000000082300000| Untracked 
|  20|0x0000000082400000, 0x0000000082400000, 0x0000000082500000|  0%| F|  |TAMS 0x0000000082400000, 0x0000000082400000| Untracked 
|  21|0x0000000082500000, 0x0000000082500000, 0x0000000082600000|  0%| F|  |TAMS 0x0000000082500000, 0x0000000082500000| Untracked 
|  22|0x0000000082600000, 0x0000000082600000, 0x0000000082700000|  0%| F|  |TAMS 0x0000000082600000, 0x0000000082600000| Untracked 
|  23|0x0000000082700000, 0x0000000082700000, 0x0000000082800000|  0%| F|  |TAMS 0x0000000082700000, 0x0000000082700000| Untracked 
|  24|0x0000000082800000, 0x0000000082800000, 0x0000000082900000|  0%| F|  |TAMS 0x0000000082800000, 0x0000000082800000| Untracked 
|  25|0x0000000082900000, 0x0000000082900000, 0x0000000082a00000|  0%| F|  |TAMS 0x0000000082900000, 0x0000000082900000| Untracked 
|  26|0x0000000082a00000, 0x0000000082a00000, 0x0000000082b00000|  0%| F|  |TAMS 0x0000000082a00000, 0x0000000082a00000| Untracked 
|  27|0x0000000082b00000, 0x0000000082b00000, 0x0000000082c00000|  0%| F|  |TAMS 0x0000000082b00000, 0x0000000082b00000| Untracked 
|  28|0x0000000082c00000, 0x0000000082c00000, 0x0000000082d00000|  0%| F|  |TAMS 0x0000000082c00000, 0x0000000082c00000| Untracked 
|  29|0x0000000082d00000, 0x0000000082d00000, 0x0000000082e00000|  0%| F|  |TAMS 0x0000000082d00000, 0x0000000082d00000| Untracked 
|  30|0x0000000082e00000, 0x0000000082e00000, 0x0000000082f00000|  0%| F|  |TAMS 0x0000000082e00000, 0x0000000082e00000| Untracked 
|  31|0x0000000082f00000, 0x0000000082f00000, 0x0000000083000000|  0%| F|  |TAMS 0x0000000082f00000, 0x0000000082f00000| Untracked 
|  32|0x0000000083000000, 0x0000000083000000, 0x0000000083100000|  0%| F|  |TAMS 0x0000000083000000, 0x0000000083000000| Untracked 
|  33|0x0000000083100000, 0x0000000083100000, 0x0000000083200000|  0%| F|  |TAMS 0x0000000083100000, 0x0000000083100000| Untracked 
|  34|0x0000000083200000, 0x0000000083200000, 0x0000000083300000|  0%| F|  |TAMS 0x0000000083200000, 0x0000000083200000| Untracked 
|  35|0x0000000083300000, 0x0000000083300000, 0x0000000083400000|  0%| F|  |TAMS 0x0000000083300000, 0x0000000083300000| Untracked 
|  36|0x0000000083400000, 0x0000000083400000, 0x0000000083500000|  0%| F|  |TAMS 0x0000000083400000, 0x0000000083400000| Untracked 
|  37|0x0000000083500000, 0x0000000083500000, 0x0000000083600000|  0%| F|  |TAMS 0x0000000083500000, 0x0000000083500000| Untracked 
|  38|0x0000000083600000, 0x0000000083600000, 0x0000000083700000|  0%| F|  |TAMS 0x0000000083600000, 0x0000000083600000| Untracked 
|  39|0x0000000083700000, 0x0000000083700000, 0x0000000083800000|  0%| F|  |TAMS 0x0000000083700000, 0x0000000083700000| Untracked 
|  40|0x0000000083800000, 0x0000000083800000, 0x0000000083900000|  0%| F|  |TAMS 0x0000000083800000, 0x0000000083800000| Untracked 
|  41|0x0000000083900000, 0x0000000083900000, 0x0000000083a00000|  0%| F|  |TAMS 0x0000000083900000, 0x0000000083900000| Untracked 
|  42|0x0000000083a00000, 0x0000000083a00000, 0x0000000083b00000|  0%| F|  |TAMS 0x0000000083a00000, 0x0000000083a00000| Untracked 
|  43|0x0000000083b00000, 0x0000000083b00000, 0x0000000083c00000|  0%| F|  |TAMS 0x0000000083b00000, 0x0000000083b00000| Untracked 
|  44|0x0000000083c00000, 0x0000000083c00000, 0x0000000083d00000|  0%| F|  |TAMS 0x0000000083c00000, 0x0000000083c00000| Untracked 
|  45|0x0000000083d00000, 0x0000000083d00000, 0x0000000083e00000|  0%| F|  |TAMS 0x0000000083d00000, 0x0000000083d00000| Untracked 
|  46|0x0000000083e00000, 0x0000000083e00000, 0x0000000083f00000|  0%| F|  |TAMS 0x0000000083e00000, 0x0000000083e00000| Untracked 
|  47|0x0000000083f00000, 0x0000000083f00000, 0x0000000084000000|  0%| F|  |TAMS 0x0000000083f00000, 0x0000000083f00000| Untracked 
|  48|0x0000000084000000, 0x0000000084000000, 0x0000000084100000|  0%| F|  |TAMS 0x0000000084000000, 0x0000000084000000| Untracked 
|  49|0x0000000084100000, 0x0000000084100000, 0x0000000084200000|  0%| F|  |TAMS 0x0000000084100000, 0x0000000084100000| Untracked 
|  50|0x0000000084200000, 0x0000000084200000, 0x0000000084300000|  0%| F|  |TAMS 0x0000000084200000, 0x0000000084200000| Untracked 
|  51|0x0000000084300000, 0x0000000084300000, 0x0000000084400000|  0%| F|  |TAMS 0x0000000084300000, 0x0000000084300000| Untracked 
|  52|0x0000000084400000, 0x0000000084400000, 0x0000000084500000|  0%| F|  |TAMS 0x0000000084400000, 0x0000000084400000| Untracked 
|  53|0x0000000084500000, 0x0000000084500000, 0x0000000084600000|  0%| F|  |TAMS 0x0000000084500000, 0x0000000084500000| Untracked 
|  54|0x0000000084600000, 0x0000000084600000, 0x0000000084700000|  0%| F|  |TAMS 0x0000000084600000, 0x0000000084600000| Untracked 
|  55|0x0000000084700000, 0x0000000084700000, 0x0000000084800000|  0%| F|  |TAMS 0x0000000084700000, 0x0000000084700000| Untracked 
|  56|0x0000000084800000, 0x0000000084800000, 0x0000000084900000|  0%| F|  |TAMS 0x0000000084800000, 0x0000000084800000| Untracked 
|  57|0x0000000084900000, 0x0000000084900000, 0x0000000084a00000|  0%| F|  |TAMS 0x0000000084900000, 0x0000000084900000| Untracked 
|  58|0x0000000084a00000, 0x0000000084a00000, 0x0000000084b00000|  0%| F|  |TAMS 0x0000000084a00000, 0x0000000084a00000| Untracked 
|  59|0x0000000084b00000, 0x0000000084b00000, 0x0000000084c00000|  0%| F|  |TAMS 0x0000000084b00000, 0x0000000084b00000| Untracked 
|  60|0x0000000084c00000, 0x0000000084c00000, 0x0000000084d00000|  0%| F|  |TAMS 0x0000000084c00000, 0x0000000084c00000| Untracked 
|  61|0x0000000084d00000, 0x0000000084d00000, 0x0000000084e00000|  0%| F|  |TAMS 0x0000000084d00000, 0x0000000084d00000| Untracked 
|  62|0x0000000084e00000, 0x0000000084e00000, 0x0000000084f00000|  0%| F|  |TAMS 0x0000000084e00000, 0x0000000084e00000| Untracked 
|  63|0x0000000084f00000, 0x0000000084f00000, 0x0000000085000000|  0%| F|  |TAMS 0x0000000084f00000, 0x0000000084f00000| Untracked 
|  64|0x0000000085000000, 0x0000000085000000, 0x0000000085100000|  0%| F|  |TAMS 0x0000000085000000, 0x0000000085000000| Untracked 
|  65|0x0000000085100000, 0x0000000085100000, 0x0000000085200000|  0%| F|  |TAMS 0x0000000085100000, 0x0000000085100000| Untracked 
|  66|0x0000000085200000, 0x0000000085200000, 0x0000000085300000|  0%| F|  |TAMS 0x0000000085200000, 0x0000000085200000| Untracked 
|  67|0x0000000085300000, 0x0000000085300000, 0x0000000085400000|  0%| F|  |TAMS 0x0000000085300000, 0x0000000085300000| Untracked 
|  68|0x0000000085400000, 0x0000000085400000, 0x0000000085500000|  0%| F|  |TAMS 0x0000000085400000, 0x0000000085400000| Untracked 
|  69|0x0000000085500000, 0x0000000085500000, 0x0000000085600000|  0%| F|  |TAMS 0x0000000085500000, 0x0000000085500000| Untracked 
|  70|0x0000000085600000, 0x0000000085600000, 0x0000000085700000|  0%| F|  |TAMS 0x0000000085600000, 0x0000000085600000| Untracked 
|  71|0x0000000085700000, 0x0000000085700000, 0x0000000085800000|  0%| F|  |TAMS 0x0000000085700000, 0x0000000085700000| Untracked 
|  72|0x0000000085800000, 0x0000000085800000, 0x0000000085900000|  0%| F|  |TAMS 0x0000000085800000, 0x0000000085800000| Untracked 
|  73|0x0000000085900000, 0x0000000085900000, 0x0000000085a00000|  0%| F|  |TAMS 0x0000000085900000, 0x0000000085900000| Untracked 
|  74|0x0000000085a00000, 0x0000000085a00000, 0x0000000085b00000|  0%| F|  |TAMS 0x0000000085a00000, 0x0000000085a00000| Untracked 
|  75|0x0000000085b00000, 0x0000000085b00000, 0x0000000085c00000|  0%| F|  |TAMS 0x0000000085b00000, 0x0000000085b00000| Untracked 
|  76|0x0000000085c00000, 0x0000000085c00000, 0x0000000085d00000|  0%| F|  |TAMS 0x0000000085c00000, 0x0000000085c00000| Untracked 
|  77|0x0000000085d00000, 0x0000000085d00000, 0x0000000085e00000|  0%| F|  |TAMS 0x0000000085d00000, 0x0000000085d00000| Untracked 
|  78|0x0000000085e00000, 0x0000000085e00000, 0x0000000085f00000|  0%| F|  |TAMS 0x0000000085e00000, 0x0000000085e00000| Untracked 
|  79|0x0000000085f00000, 0x0000000085f00000, 0x0000000086000000|  0%| F|  |TAMS 0x0000000085f00000, 0x0000000085f00000| Untracked 
|  80|0x0000000086000000, 0x0000000086000000, 0x0000000086100000|  0%| F|  |TAMS 0x0000000086000000, 0x0000000086000000| Untracked 
|  81|0x0000000086100000, 0x0000000086100000, 0x0000000086200000|  0%| F|  |TAMS 0x0000000086100000, 0x0000000086100000| Untracked 
|  82|0x0000000086200000, 0x0000000086200000, 0x0000000086300000|  0%| F|  |TAMS 0x0000000086200000, 0x0000000086200000| Untracked 
|  83|0x0000000086300000, 0x0000000086300000, 0x0000000086400000|  0%| F|  |TAMS 0x0000000086300000, 0x0000000086300000| Untracked 
|  84|0x0000000086400000, 0x0000000086400000, 0x0000000086500000|  0%| F|  |TAMS 0x0000000086400000, 0x0000000086400000| Untracked 
|  85|0x0000000086500000, 0x0000000086500000, 0x0000000086600000|  0%| F|  |TAMS 0x0000000086500000, 0x0000000086500000| Untracked 
|  86|0x0000000086600000, 0x0000000086600000, 0x0000000086700000|  0%| F|  |TAMS 0x0000000086600000, 0x0000000086600000| Untracked 
|  87|0x0000000086700000, 0x0000000086700000, 0x0000000086800000|  0%| F|  |TAMS 0x0000000086700000, 0x0000000086700000| Untracked 
|  88|0x0000000086800000, 0x0000000086800000, 0x0000000086900000|  0%| F|  |TAMS 0x0000000086800000, 0x0000000086800000| Untracked 
|  89|0x0000000086900000, 0x0000000086900000, 0x0000000086a00000|  0%| F|  |TAMS 0x0000000086900000, 0x0000000086900000| Untracked 
|  90|0x0000000086a00000, 0x0000000086a00000, 0x0000000086b00000|  0%| F|  |TAMS 0x0000000086a00000, 0x0000000086a00000| Untracked 
|  91|0x0000000086b00000, 0x0000000086b00000, 0x0000000086c00000|  0%| F|  |TAMS 0x0000000086b00000, 0x0000000086b00000| Untracked 
|  92|0x0000000086c00000, 0x0000000086c00000, 0x0000000086d00000|  0%| F|  |TAMS 0x0000000086c00000, 0x0000000086c00000| Untracked 
|  93|0x0000000086d00000, 0x0000000086d00000, 0x0000000086e00000|  0%| F|  |TAMS 0x0000000086d00000, 0x0000000086d00000| Untracked 
|  94|0x0000000086e00000, 0x0000000086e00000, 0x0000000086f00000|  0%| F|  |TAMS 0x0000000086e00000, 0x0000000086e00000| Untracked 
|  95|0x0000000086f00000, 0x0000000086f00000, 0x0000000087000000|  0%| F|  |TAMS 0x0000000086f00000, 0x0000000086f00000| Untracked 
|  96|0x0000000087000000, 0x0000000087000000, 0x0000000087100000|  0%| F|  |TAMS 0x0000000087000000, 0x0000000087000000| Untracked 
|  97|0x0000000087100000, 0x0000000087100000, 0x0000000087200000|  0%| F|  |TAMS 0x0000000087100000, 0x0000000087100000| Untracked 
|  98|0x0000000087200000, 0x0000000087200000, 0x0000000087300000|  0%| F|  |TAMS 0x0000000087200000, 0x0000000087200000| Untracked 
|  99|0x0000000087300000, 0x0000000087300000, 0x0000000087400000|  0%| F|  |TAMS 0x0000000087300000, 0x0000000087300000| Untracked 
| 100|0x0000000087400000, 0x0000000087400000, 0x0000000087500000|  0%| F|  |TAMS 0x0000000087400000, 0x0000000087400000| Untracked 
| 101|0x0000000087500000, 0x0000000087500000, 0x0000000087600000|  0%| F|  |TAMS 0x0000000087500000, 0x0000000087500000| Untracked 
| 102|0x0000000087600000, 0x0000000087600000, 0x0000000087700000|  0%| F|  |TAMS 0x0000000087600000, 0x0000000087600000| Untracked 
| 103|0x0000000087700000, 0x0000000087700000, 0x0000000087800000|  0%| F|  |TAMS 0x0000000087700000, 0x0000000087700000| Untracked 
| 104|0x0000000087800000, 0x0000000087800000, 0x0000000087900000|  0%| F|  |TAMS 0x0000000087800000, 0x0000000087800000| Untracked 
| 105|0x0000000087900000, 0x0000000087900000, 0x0000000087a00000|  0%| F|  |TAMS 0x0000000087900000, 0x0000000087900000| Untracked 
| 106|0x0000000087a00000, 0x0000000087a00000, 0x0000000087b00000|  0%| F|  |TAMS 0x0000000087a00000, 0x0000000087a00000| Untracked 
| 107|0x0000000087b00000, 0x0000000087b00000, 0x0000000087c00000|  0%| F|  |TAMS 0x0000000087b00000, 0x0000000087b00000| Untracked 
| 108|0x0000000087c00000, 0x0000000087c00000, 0x0000000087d00000|  0%| F|  |TAMS 0x0000000087c00000, 0x0000000087c00000| Untracked 
| 109|0x0000000087d00000, 0x0000000087d00000, 0x0000000087e00000|  0%| F|  |TAMS 0x0000000087d00000, 0x0000000087d00000| Untracked 
| 110|0x0000000087e00000, 0x0000000087e00000, 0x0000000087f00000|  0%| F|  |TAMS 0x0000000087e00000, 0x0000000087e00000| Untracked 
| 111|0x0000000087f00000, 0x0000000087f00000, 0x0000000088000000|  0%| F|  |TAMS 0x0000000087f00000, 0x0000000087f00000| Untracked 
| 112|0x0000000088000000, 0x0000000088000000, 0x0000000088100000|  0%| F|  |TAMS 0x0000000088000000, 0x0000000088000000| Untracked 
| 113|0x0000000088100000, 0x0000000088100000, 0x0000000088200000|  0%| F|  |TAMS 0x0000000088100000, 0x0000000088100000| Untracked 
| 114|0x0000000088200000, 0x0000000088200000, 0x0000000088300000|  0%| F|  |TAMS 0x0000000088200000, 0x0000000088200000| Untracked 
| 115|0x0000000088300000, 0x0000000088300000, 0x0000000088400000|  0%| F|  |TAMS 0x0000000088300000, 0x0000000088300000| Untracked 
| 116|0x0000000088400000, 0x0000000088400000, 0x0000000088500000|  0%| F|  |TAMS 0x0000000088400000, 0x0000000088400000| Untracked 
| 117|0x0000000088500000, 0x0000000088500000, 0x0000000088600000|  0%| F|  |TAMS 0x0000000088500000, 0x0000000088500000| Untracked 
| 118|0x0000000088600000, 0x0000000088600000, 0x0000000088700000|  0%| F|  |TAMS 0x0000000088600000, 0x0000000088600000| Untracked 
| 119|0x0000000088700000, 0x0000000088700000, 0x0000000088800000|  0%| F|  |TAMS 0x0000000088700000, 0x0000000088700000| Untracked 
| 120|0x0000000088800000, 0x0000000088800000, 0x0000000088900000|  0%| F|  |TAMS 0x0000000088800000, 0x0000000088800000| Untracked 
| 121|0x0000000088900000, 0x0000000088900000, 0x0000000088a00000|  0%| F|  |TAMS 0x0000000088900000, 0x0000000088900000| Untracked 
| 122|0x0000000088a00000, 0x0000000088a00000, 0x0000000088b00000|  0%| F|  |TAMS 0x0000000088a00000, 0x0000000088a00000| Untracked 
| 123|0x0000000088b00000, 0x0000000088b00000, 0x0000000088c00000|  0%| F|  |TAMS 0x0000000088b00000, 0x0000000088b00000| Untracked 
| 124|0x0000000088c00000, 0x0000000088cd7978, 0x0000000088d00000| 84%| E|  |TAMS 0x0000000088c00000, 0x0000000088c00000| Complete 
| 125|0x0000000088d00000, 0x0000000088e00000, 0x0000000088e00000|100%| E|CS|TAMS 0x0000000088d00000, 0x0000000088d00000| Complete 
| 126|0x0000000088e00000, 0x0000000088f00000, 0x0000000088f00000|100%| E|CS|TAMS 0x0000000088e00000, 0x0000000088e00000| Complete 
| 127|0x0000000088f00000, 0x0000000089000000, 0x0000000089000000|100%| E|CS|TAMS 0x0000000088f00000, 0x0000000088f00000| Complete 

Card table byte_map: [0x000001eba0fe0000,0x000001eba13e0000] _byte_map_base: 0x000001eba0bd8000

Marking Bits (Prev, Next): (CMBitMap*) 0x000001eb87717548, (CMBitMap*) 0x000001eb87717580
 Prev Bits: [0x000001eba17e0000, 0x000001eba37a0000)
 Next Bits: [0x000001eba37a0000, 0x000001eba5760000)

Polling page: 0x000001eb875a0000

Metaspace:

Usage:
  Non-class:      6.12 MB capacity,     6.04 MB ( 99%) used,    82.38 KB (  1%) free+waste,     4.56 KB ( <1%) overhead. 
      Class:    643.00 KB capacity,   588.08 KB ( 91%) used,    52.73 KB (  8%) free+waste,     2.19 KB ( <1%) overhead. 
       Both:      6.75 MB capacity,     6.61 MB ( 98%) used,   135.11 KB (  2%) free+waste,     6.75 KB ( <1%) overhead. 

Virtual space:
  Non-class space:        8.00 MB reserved,       6.25 MB ( 78%) committed 
      Class space:        1.00 GB reserved,     768.00 KB ( <1%) committed 
             Both:        1.01 GB reserved,       7.00 MB ( <1%) committed 

Chunk freelists:
   Non-Class:  1.00 KB
       Class:  29.00 KB
        Both:  30.00 KB

MaxMetaspaceSize: 17179869184.00 GB
CompressedClassSpaceSize: 1.00 GB
Initial GC threshold: 20.80 MB
Current GC threshold: 20.80 MB
CDS: off

CodeHeap 'non-profiled nmethods': size=120064Kb used=117Kb max_used=117Kb free=119946Kb
 bounds [0x000001eb99080000, 0x000001eb992f0000, 0x000001eba05c0000]
CodeHeap 'profiled nmethods': size=120000Kb used=418Kb max_used=418Kb free=119581Kb
 bounds [0x000001eb91b50000, 0x000001eb91dc0000, 0x000001eb99080000]
CodeHeap 'non-nmethods': size=5696Kb used=1098Kb max_used=1119Kb free=4597Kb
 bounds [0x000001eb915c0000, 0x000001eb91830000, 0x000001eb91b50000]
 total_blobs=694 nmethods=351 adapters=256
 compilation: enabled
              stopped_count=0, restarted_count=0
 full_count=0

Compilation events (20 events):
Event: 0.162 Thread 0x000001eba865a000  342       1       java.net.URL::getPath (5 bytes)
Event: 0.162 Thread 0x000001eba865a000 nmethod 342 0x000001eb9909cc90 code [0x000001eb9909ce40, 0x000001eb9909cef8]
Event: 0.162 Thread 0x000001eba865a000  343       1       java.net.URL::getQuery (5 bytes)
Event: 0.162 Thread 0x000001eba865a000 nmethod 343 0x000001eb9909cf90 code [0x000001eb9909d140, 0x000001eb9909d1f8]
Event: 0.162 Thread 0x000001eba865a000  344       3       java.lang.CharacterDataLatin1::toUpperCase (53 bytes)
Event: 0.162 Thread 0x000001eba865a000 nmethod 344 0x000001eb91bb6690 code [0x000001eb91bb6860, 0x000001eb91bb6af8]
Event: 0.164 Thread 0x000001eba865a000  346       3       sun.nio.cs.SingleByte$Encoder::encode (32 bytes)
Event: 0.164 Thread 0x000001eba865a000 nmethod 346 0x000001eb91bb6c10 code [0x000001eb91bb6dc0, 0x000001eb91bb6f78]
Event: 0.164 Thread 0x000001eba865a000  347       3       java.lang.StringUTF16::indexOfCharUnsafe (30 bytes)
Event: 0.164 Thread 0x000001eba865a000 nmethod 347 0x000001eb91bb7090 code [0x000001eb91bb7240, 0x000001eb91bb7438]
Event: 0.164 Thread 0x000001eba865a000  345       1       java.nio.Buffer::limit (5 bytes)
Event: 0.164 Thread 0x000001eba865a000 nmethod 345 0x000001eb9909d290 code [0x000001eb9909d440, 0x000001eb9909d4f8]
Event: 0.164 Thread 0x000001eba865a000  348       3       java.util.Collections$UnmodifiableCollection$1::next (10 bytes)
Event: 0.164 Thread 0x000001eba865a000 nmethod 348 0x000001eb91bb7510 code [0x000001eb91bb76c0, 0x000001eb91bb7888]
Event: 0.165 Thread 0x000001eba865a000  349       3       java.nio.Buffer::position (52 bytes)
Event: 0.165 Thread 0x000001eba865a000 nmethod 349 0x000001eb91bb7990 code [0x000001eb91bb7b60, 0x000001eb91bb7dc8]
Event: 0.166 Thread 0x000001eba865a000  350       3       java.nio.ByteBuffer::arrayOffset (35 bytes)
Event: 0.166 Thread 0x000001eba865a000 nmethod 350 0x000001eb91bb7e90 code [0x000001eb91bb8060, 0x000001eb91bb82d8]
Event: 0.166 Thread 0x000001eba865a000  351       3       java.nio.CharBuffer::arrayOffset (35 bytes)
Event: 0.167 Thread 0x000001eba865a000 nmethod 351 0x000001eb91bb8410 code [0x000001eb91bb85e0, 0x000001eb91bb8858]

GC Heap History (0 events):
No events

Deoptimization events (20 events):
Event: 0.123 Thread 0x000001eb876d7800 DEOPT PACKING pc=0x000001eb91b8bbbb sp=0x00000074c55faf40
Event: 0.123 Thread 0x000001eb876d7800 DEOPT UNPACKING pc=0x000001eb9160a95e sp=0x00000074c55fa410 mode 0
Event: 0.123 Thread 0x000001eb876d7800 DEOPT PACKING pc=0x000001eb91b8bbbb sp=0x00000074c55faf40
Event: 0.123 Thread 0x000001eb876d7800 DEOPT UNPACKING pc=0x000001eb9160a95e sp=0x00000074c55fa410 mode 0
Event: 0.124 Thread 0x000001eb876d7800 DEOPT PACKING pc=0x000001eb91b8bbbb sp=0x00000074c55faf40
Event: 0.124 Thread 0x000001eb876d7800 DEOPT UNPACKING pc=0x000001eb9160a95e sp=0x00000074c55fa410 mode 0
Event: 0.124 Thread 0x000001eb876d7800 DEOPT PACKING pc=0x000001eb91b8bbbb sp=0x00000074c55faf40
Event: 0.124 Thread 0x000001eb876d7800 DEOPT UNPACKING pc=0x000001eb9160a95e sp=0x00000074c55fa410 mode 0
Event: 0.124 Thread 0x000001eb876d7800 DEOPT PACKING pc=0x000001eb91b8bbbb sp=0x00000074c55faf40
Event: 0.124 Thread 0x000001eb876d7800 DEOPT UNPACKING pc=0x000001eb9160a95e sp=0x00000074c55fa410 mode 0
Event: 0.124 Thread 0x000001eb876d7800 DEOPT PACKING pc=0x000001eb91b8bbbb sp=0x00000074c55faf40
Event: 0.124 Thread 0x000001eb876d7800 DEOPT UNPACKING pc=0x000001eb9160a95e sp=0x00000074c55fa410 mode 0
Event: 0.124 Thread 0x000001eb876d7800 DEOPT PACKING pc=0x000001eb91b8bbbb sp=0x00000074c55faf40
Event: 0.124 Thread 0x000001eb876d7800 DEOPT UNPACKING pc=0x000001eb9160a95e sp=0x00000074c55fa410 mode 0
Event: 0.125 Thread 0x000001eb876d7800 DEOPT PACKING pc=0x000001eb91b8bbbb sp=0x00000074c55faf40
Event: 0.125 Thread 0x000001eb876d7800 DEOPT UNPACKING pc=0x000001eb9160a95e sp=0x00000074c55fa410 mode 0
Event: 0.128 Thread 0x000001eb876d7800 DEOPT PACKING pc=0x000001eb91b8b50e sp=0x00000074c55faf70
Event: 0.128 Thread 0x000001eb876d7800 DEOPT UNPACKING pc=0x000001eb9160a95e sp=0x00000074c55fa410 mode 0
Event: 0.129 Thread 0x000001eb876d7800 DEOPT PACKING pc=0x000001eb91b8b50e sp=0x00000074c55faf70
Event: 0.129 Thread 0x000001eb876d7800 DEOPT UNPACKING pc=0x000001eb9160a95e sp=0x00000074c55fa410 mode 0

Classes redefined (0 events):
No events

Internal exceptions (2 events):
Event: 0.163 Thread 0x000001eb876d7800 Exception <a 'java/io/FileNotFoundException'{0x0000000088c8bd60}> (0x0000000088c8bd60) thrown at [s\src\hotspot\share\prims\jni.cpp, line 617]
Event: 0.165 Thread 0x000001eb876d7800 Exception <a 'java/lang/reflect/InvocationTargetException'{0x0000000088c921c8}> (0x0000000088c921c8) thrown at [s\src\hotspot\share\runtime\reflection.cpp, line 1245]

Events (20 events):
Event: 0.161 loading class org/jacoco/agent/rt/internal_43f5073/Agent$2
Event: 0.161 loading class org/jacoco/agent/rt/internal_43f5073/Agent$2 done
Event: 0.162 loading class java/lang/NoSuchFieldError
Event: 0.162 loading class java/lang/IncompatibleClassChangeError
Event: 0.162 loading class java/lang/IncompatibleClassChangeError done
Event: 0.162 loading class java/lang/NoSuchFieldError done
Event: 0.162 loading class org/jacoco/agent/rt/internal_43f5073/output/FileOutput
Event: 0.162 loading class org/jacoco/agent/rt/internal_43f5073/output/FileOutput done
Event: 0.163 loading class java/io/FileNotFoundException
Event: 0.163 loading class java/io/FileNotFoundException done
Event: 0.163 Executing VM operation: Deoptimize
Event: 0.163 Executing VM operation: Deoptimize done
Event: 0.163 loading class java/lang/Throwable$WrappedPrintStream
Event: 0.164 loading class java/lang/Throwable$PrintStreamOrWriter
Event: 0.164 loading class java/lang/Throwable$PrintStreamOrWriter done
Event: 0.164 loading class java/lang/Throwable$WrappedPrintStream done
Event: 0.164 loading class java/lang/StackTraceElement$HashedModules
Event: 0.164 loading class java/lang/StackTraceElement$HashedModules done
Event: 0.165 loading class java/lang/reflect/InvocationTargetException
Event: 0.165 loading class java/lang/reflect/InvocationTargetException done


Dynamic libraries:
0x00007ff77bd40000 - 0x00007ff77bd4e000 	C:\Users\Валерия\.jdks\corretto-11.0.21\bin\java.exe
0x00007ffd19ed0000 - 0x00007ffd1a091000 	C:\Windows\SYSTEM32\ntdll.dll
0x00007ffd19c30000 - 0x00007ffd19cdd000 	C:\Windows\system32\KERNEL32.DLL
0x00007ffd167a0000 - 0x00007ffd16988000 	C:\Windows\system32\KERNELBASE.dll
0x00007ffd058d0000 - 0x00007ffd058e7000 	C:\Users\Валерия\.jdks\corretto-11.0.21\bin\jli.dll
0x00007ffd18350000 - 0x00007ffd184a6000 	C:\Windows\system32\USER32.dll
0x00007ffd17ee0000 - 0x00007ffd18066000 	C:\Windows\system32\GDI32.dll
0x00007ffd06760000 - 0x00007ffd0677b000 	C:\Users\Валерия\.jdks\corretto-11.0.21\bin\VCRUNTIME140.dll
0x00007ffd15690000 - 0x00007ffd15784000 	C:\Windows\SYSTEM32\ucrtbase.dll
0x00007ffd04b20000 - 0x00007ffd04d94000 	C:\Windows\WinSxS\amd64_microsoft.windows.common-controls_6595b64144ccf1df_6.0.10586.0_none_8c15ae12515e1c22\COMCTL32.dll
0x00007ffd172d0000 - 0x00007ffd1736d000 	C:\Windows\system32\msvcrt.dll
0x00007ffd17af0000 - 0x00007ffd17d6d000 	C:\Windows\system32\combase.dll
0x00007ffd19db0000 - 0x00007ffd19ecc000 	C:\Windows\system32\RPCRT4.dll
0x00007ffd17260000 - 0x00007ffd172ca000 	C:\Windows\system32\bcryptPrimitives.dll
0x00007ffd184b0000 - 0x00007ffd184eb000 	C:\Windows\system32\IMM32.DLL
0x00007ffd09480000 - 0x00007ffd0948c000 	C:\Users\Валерия\.jdks\corretto-11.0.21\bin\vcruntime140_1.dll
0x00007ffcff400000 - 0x00007ffcff48d000 	C:\Users\Валерия\.jdks\corretto-11.0.21\bin\msvcp140.dll
0x00007ffce5b60000 - 0x00007ffce6723000 	C:\Users\Валерия\.jdks\corretto-11.0.21\bin\server\jvm.dll
0x00007ffd17890000 - 0x00007ffd17937000 	C:\Windows\system32\ADVAPI32.dll
0x00007ffd17d70000 - 0x00007ffd17dcb000 	C:\Windows\system32\sechost.dll
0x00007ffd19c20000 - 0x00007ffd19c28000 	C:\Windows\system32\PSAPI.DLL
0x00007ffd14ad0000 - 0x00007ffd14ad9000 	C:\Windows\SYSTEM32\WSOCK32.dll
0x00007ffd17820000 - 0x00007ffd1788b000 	C:\Windows\system32\WS2_32.dll
0x00007ffd14770000 - 0x00007ffd14793000 	C:\Windows\SYSTEM32\WINMM.dll
0x00007ffd137d0000 - 0x00007ffd137da000 	C:\Windows\SYSTEM32\VERSION.dll
0x00007ffd14710000 - 0x00007ffd1473c000 	C:\Windows\SYSTEM32\WINMMBASE.dll
0x00007ffd16750000 - 0x00007ffd16793000 	C:\Windows\system32\cfgmgr32.dll
0x00007ffd16570000 - 0x00007ffd1657f000 	C:\Windows\system32\kernel.appcore.dll
0x00007ffd08e00000 - 0x00007ffd08e10000 	C:\Users\Валерия\.jdks\corretto-11.0.21\bin\verify.dll
0x00007ffd133f0000 - 0x00007ffd1357c000 	C:\Windows\SYSTEM32\DBGHELP.DLL
0x00007ffd13370000 - 0x00007ffd13395000 	C:\Windows\SYSTEM32\dbgcore.DLL
0x00007ffd055f0000 - 0x00007ffd05618000 	C:\Users\Валерия\.jdks\corretto-11.0.21\bin\java.dll
0x00007ffd08440000 - 0x00007ffd0844a000 	C:\Users\Валерия\.jdks\corretto-11.0.21\bin\jimage.dll
0x00007ffd14c50000 - 0x00007ffd14c5e000 	C:\Users\Валерия\.jdks\corretto-11.0.21\bin\instrument.dll
0x00007ffd058b0000 - 0x00007ffd058c8000 	C:\Users\Валерия\.jdks\corretto-11.0.21\bin\zip.dll
0x00007ffd18560000 - 0x00007ffd19abc000 	C:\Windows\system32\SHELL32.dll
0x00007ffd16bb0000 - 0x00007ffd171f5000 	C:\Windows\system32\windows.storage.dll
0x00007ffd18120000 - 0x00007ffd18172000 	C:\Windows\system32\shlwapi.dll
0x00007ffd16a40000 - 0x00007ffd16af5000 	C:\Windows\system32\shcore.dll
0x00007ffd16520000 - 0x00007ffd1656b000 	C:\Windows\system32\powrprof.dll
0x00007ffd164f0000 - 0x00007ffd16504000 	C:\Windows\system32\profapi.dll
0x00007ffd05200000 - 0x00007ffd05219000 	C:\Users\Валерия\.jdks\corretto-11.0.21\bin\net.dll
0x00007ffd0cf90000 - 0x00007ffd0d058000 	C:\Windows\SYSTEM32\WINHTTP.dll
0x00007ffd15e20000 - 0x00007ffd15e7c000 	C:\Windows\system32\mswsock.dll
0x00007ffd00a70000 - 0x00007ffd00a82000 	C:\Users\Валерия\.jdks\corretto-11.0.21\bin\nio.dll
0x00007ffd0a160000 - 0x00007ffd0a176000 	C:\Windows\system32\napinsp.dll
0x00007ffd0a180000 - 0x00007ffd0a19a000 	C:\Windows\system32\pnrpnsp.dll
0x00007ffd13340000 - 0x00007ffd13358000 	C:\Windows\system32\NLAapi.dll
0x00007ffd14f10000 - 0x00007ffd14fba000 	C:\Windows\SYSTEM32\DNSAPI.dll
0x00007ffd19ac0000 - 0x00007ffd19ac8000 	C:\Windows\system32\NSI.dll
0x00007ffd0b6b0000 - 0x00007ffd0b6bd000 	C:\Windows\System32\winrnr.dll
0x00007ffd0b6e0000 - 0x00007ffd0b6f5000 	C:\Windows\System32\wshbth.dll
0x00007ffd0c210000 - 0x00007ffd0c21a000 	C:\Windows\System32\rasadhlp.dll
0x00007ffd0edd0000 - 0x00007ffd0ee08000 	C:\Windows\SYSTEM32\IPHLPAPI.DLL
0x00007ffd0e920000 - 0x00007ffd0e987000 	C:\Windows\System32\fwpuclnt.dll
0x00007ffd160f0000 - 0x00007ffd16119000 	C:\Windows\SYSTEM32\bcrypt.dll

dbghelp: loaded successfully - version: 4.0.5 - missing functions: none
symbol engine: initialized successfully - sym options: 0x614 - pdb path: .;C:\Users\Валерия\.jdks\corretto-11.0.21\bin;C:\Windows\SYSTEM32;C:\Windows\WinSxS\amd64_microsoft.windows.common-controls_6595b64144ccf1df_6.0.10586.0_none_8c15ae12515e1c22;C:\Users\Валерия\.jdks\corretto-11.0.21\bin\server

VM Arguments:
jvm_args: -javaagent:C:\\Users\\Валерия\\.m2\\repository\\org\\jacoco\\org.jacoco.agent\\0.8.5\\org.jacoco.agent-0.8.5-runtime.jar=destfile=C:\\Users\\Валерия\\IdeaProjects\\java11\\target\\jacoco.exec 
java_command: C:\Users\9364~1\AppData\Local\Temp\surefire1185160343730896504\surefirebooter9174979958121967983.jar C:\Users\Валерия\AppData\Local\Temp\surefire1185160343730896504 2023-12-11T21-47-29_067-jvmRun1 surefire15358424736483370421tmp surefire_03517502252176018510tmp
java_class_path (initial): C:\Users\9364~1\AppData\Local\Temp\surefire1185160343730896504\surefirebooter9174979958121967983.jar
Launcher Type: SUN_STANDARD

[Global flags]
     intx CICompilerCount                          = 3                                         {product} {ergonomic}
     uint ConcGCThreads                            = 1                                         {product} {ergonomic}
     uint G1ConcRefinementThreads                  = 4                                         {product} {ergonomic}
   size_t G1HeapRegionSize                         = 1048576                                   {product} {ergonomic}
    uintx GCDrainStackTargetSize                   = 64                                        {product} {ergonomic}
   size_t InitialHeapSize                          = 134217728                                 {product} {ergonomic}
   size_t MarkStackSize                            = 4194304                                   {product} {ergonomic}
   size_t MaxHeapSize                              = 2130706432                                {product} {ergonomic}
   size_t MaxNewSize                               = 1278214144                                {product} {ergonomic}
   size_t MinHeapDeltaBytes                        = 1048576                                   {product} {ergonomic}
    uintx NonNMethodCodeHeapSize                   = 5830732                                {pd product} {ergonomic}
    uintx NonProfiledCodeHeapSize                  = 122913754                              {pd product} {ergonomic}
    uintx ProfiledCodeHeapSize                     = 122913754                              {pd product} {ergonomic}
    uintx ReservedCodeCacheSize                    = 251658240                              {pd product} {ergonomic}
     bool SegmentedCodeCache                       = true                                      {product} {ergonomic}
     bool UseCompressedClassPointers               = true                                 {lp64_product} {ergonomic}
     bool UseCompressedOops                        = true                                 {lp64_product} {ergonomic}
     bool UseG1GC                                  = true                                      {product} {ergonomic}
     bool UseLargePagesIndividualAllocation        = false                                  {pd product} {ergonomic}

Logging:
Log output configuration:
 #0: stdout all=warning uptime,level,tags
 #1: stderr all=off uptime,level,tags

Environment Variables:
PATH=C:\Windows\system32;C:\Windows;C:\Windows\System32\Wbem;C:\Windows\System32\WindowsPowerShell\v1.0\;D:\Лера программы\Git\cmd;;D:\Лера программы\Microsoft VS Code\bin
USERNAME=Валерия
OS=Windows_NT
PROCESSOR_IDENTIFIER=Intel64 Family 6 Model 60 Stepping 3, GenuineIntel
TMP=C:\Users\9364~1\AppData\Local\Temp
TEMP=C:\Users\9364~1\AppData\Local\Temp



---------------  S Y S T E M  ---------------

OS: Windows 10 , 64 bit Build 10586 (10.0.10586.0)
OS uptime: 16 days 22:30 hours

CPU:total 4 (initial active 4) (4 cores per cpu, 1 threads per core) family 6 model 60 stepping 3 microcode 0x1e, cmov, cx8, fxsr, mmx, sse, sse2, sse3, ssse3, sse4.1, sse4.2, popcnt, avx, avx2, aes, clmul, erms, lzcnt, tsc, tscinvbit, bmi1, bmi2, fma

Memory: 4k page, system-wide physical 8125M (3359M free)
TotalPageFile size 10045M (AvailPageFile size 3741M)
current process WorkingSet (physical memory assigned to process): 41M, peak: 41M
current process commit charge ("private bytes"): 201M, peak: 201M

vm_info: OpenJDK 64-Bit Server VM (11.0.21+9-LTS) for windows-amd64 JRE (11.0.21+9-LTS), built on Oct  9 2023 18:37:11 by "Administrator" with MS VC++ 16.10 / 16.11 (VS2019)

END.
